<?xml version="1.0" encoding="UTF-8"?>
<testng-results ignored="0" total="11" passed="11" failed="0" skipped="0">
  <reporter-output>
  </reporter-output>
  <suite started-at="2023-09-28T14:05:49 IST" name="Suite1" finished-at="2023-09-28T14:05:49 IST" duration-ms="243">
    <groups>
    </groups>
    <test started-at="2023-09-28T14:05:49 IST" name="Test" finished-at="2023-09-28T14:05:49 IST" duration-ms="115">
      <class name="taib.Loan">
        <test-method signature="demo3()[pri:0, instance:taib.Loan@4f6ee6e4]" started-at="2023-09-28T14:05:49 IST" name="demo3" finished-at="2023-09-28T14:05:49 IST" duration-ms="3" status="PASS">
          <reporter-output>
          </reporter-output>
        </test-method> <!-- demo3 -->
        <test-method signature="demo4()[pri:0, instance:taib.Loan@4f6ee6e4]" started-at="2023-09-28T14:05:49 IST" name="demo4" finished-at="2023-09-28T14:05:49 IST" duration-ms="7" status="PASS">
          <reporter-output>
          </reporter-output>
        </test-method> <!-- demo4 -->
        <test-method signature="demo5()[pri:0, instance:taib.Loan@4f6ee6e4]" started-at="2023-09-28T14:05:49 IST" name="demo5" finished-at="2023-09-28T14:05:49 IST" duration-ms="6" status="PASS">
          <reporter-output>
          </reporter-output>
        </test-method> <!-- demo5 -->
        <test-method signature="demo6()[pri:0, instance:taib.Loan@4f6ee6e4]" started-at="2023-09-28T14:05:49 IST" name="demo6" finished-at="2023-09-28T14:05:49 IST" duration-ms="2" status="PASS">
          <reporter-output>
          </reporter-output>
        </test-method> <!-- demo6 -->
        <test-method signature="demo7()[pri:0, instance:taib.Loan@4f6ee6e4]" started-at="2023-09-28T14:05:49 IST" name="demo7" finished-at="2023-09-28T14:05:49 IST" duration-ms="2" status="PASS">
          <reporter-output>
          </reporter-output>
        </test-method> <!-- demo7 -->
      </class> <!-- taib.Loan -->
      <class name="taib.Basics">
        <test-method signature="demo()[pri:0, instance:taib.Basics@5af3afd9]" started-at="2023-09-28T14:05:49 IST" name="demo" finished-at="2023-09-28T14:05:49 IST" duration-ms="9" status="PASS">
          <reporter-output>
          </reporter-output>
        </test-method> <!-- demo -->
        <test-method signature="demo2()[pri:0, instance:taib.Basics@5af3afd9]" started-at="2023-09-28T14:05:49 IST" name="demo2" finished-at="2023-09-28T14:05:49 IST" duration-ms="1" status="PASS">
          <reporter-output>
          </reporter-output>
        </test-method> <!-- demo2 -->
        <test-method signature="demo3()[pri:0, instance:taib.Basics@5af3afd9]" started-at="2023-09-28T14:05:49 IST" name="demo3" finished-at="2023-09-28T14:05:49 IST" duration-ms="4" status="PASS">
          <reporter-output>
          </reporter-output>
        </test-method> <!-- demo3 -->
      </class> <!-- taib.Basics -->
    </test> <!-- Test -->
    <test started-at="2023-09-28T14:05:49 IST" name="Car Loan" finished-at="2023-09-28T14:05:49 IST" duration-ms="19">
      <class name="taib.CarLoan">
        <test-method signature="LoginAPIcarLoan()[pri:0, instance:taib.CarLoan@38d8f54a]" started-at="2023-09-28T14:05:49 IST" name="LoginAPIcarLoan" finished-at="2023-09-28T14:05:49 IST" duration-ms="1" status="PASS">
          <reporter-output>
          </reporter-output>
        </test-method> <!-- LoginAPIcarLoan -->
        <test-method signature="MobileLoginCarLoan()[pri:0, instance:taib.CarLoan@38d8f54a]" started-at="2023-09-28T14:05:49 IST" name="MobileLoginCarLoan" finished-at="2023-09-28T14:05:49 IST" duration-ms="2" status="PASS">
          <reporter-output>
          </reporter-output>
        </test-method> <!-- MobileLoginCarLoan -->
        <test-method signature="WebloginCarLoan()[pri:0, instance:taib.CarLoan@38d8f54a]" started-at="2023-09-28T14:05:49 IST" name="WebloginCarLoan" finished-at="2023-09-28T14:05:49 IST" duration-ms="2" status="PASS">
          <reporter-output>
          </reporter-output>
        </test-method> <!-- WebloginCarLoan -->
      </class> <!-- taib.CarLoan -->
    </test> <!-- Car Loan -->
  </suite> <!-- Suite1 -->
</testng-results>
