<?xml version="1.0" encoding="UTF-8"?>
<!-- Generated by org.testng.reporters.JUnitXMLReporter -->
<testsuite ignored="0" hostname="DESKTOP-89MGAHM" failures="0" tests="6" name="Car Loan" time="0.005" errors="0" timestamp="2023-12-24T18:30:39 IST">
  <testcase classname="taib.Prioritizing133" name="LoginAPIHomeLogin" time="0.0"/>
  <testcase classname="taib.Prioritizing133" name="MobileLoginHomeLoan" time="0.0"/>
  <testcase classname="taib.Prioritizing133" name="WebLoginHomeLoan" time="0.0"/>
  <testcase classname="taib.Prioritizing134" name="LoginAPIcarLogin" time="0.001"/>
  <testcase classname="taib.Prioritizing134" name="MobileLogincarLoan" time="0.0"/>
  <testcase classname="taib.Prioritizing134" name="WebLoginCarLoan" time="0.0"/>
</testsuite> <!-- Car Loan -->
