<?xml version="1.0" encoding="UTF-8"?>
<!-- Generated by org.testng.reporters.JUnitXMLReporter -->
<testsuite ignored="0" hostname="DESKTOP-QPH6U7H" failures="0" tests="3" name="Car Loan" time="0.019" errors="0" timestamp="2023-09-28T14:05:49 IST">
  <testcase classname="taib.CarLoan" name="LoginAPIcarLoan" time="0.001"/>
  <testcase classname="taib.CarLoan" name="MobileLoginCarLoan" time="0.002"/>
  <testcase classname="taib.CarLoan" name="WebloginCarLoan" time="0.002"/>
</testsuite> <!-- Car Loan -->
