<?xml version="1.0" encoding="UTF-8"?>
<!-- Generated by org.testng.reporters.JUnitXMLReporter -->
<testsuite ignored="5" hostname="DESKTOP-89MGAHM" failures="0" tests="1" name="Regression  " time="0.023" errors="0" timestamp="2023-12-24T22:10:49 IST">
  <testcase classname="taib.Basics" name="demo3" time="0.005"/>
  <testcase classname="taib.Basics" name="ademo2" time="0.0">
    <ignored/>
  </testcase> <!-- ademo2 -->
  <testcase classname="taib.CarLoan" name="LoginAPIcarLoan" time="0.0">
    <ignored/>
  </testcase> <!-- LoginAPIcarLoan -->
  <testcase classname="taib.CarLoan" name="WebloginCarLoan" time="0.0">
    <ignored/>
  </testcase> <!-- WebloginCarLoan -->
  <testcase classname="taib.Basics" name="demo1" time="0.0">
    <ignored/>
  </testcase> <!-- demo1 -->
  <testcase classname="taib.CarLoan" name="MobileLoginCarLoan" time="0.0">
    <ignored/>
  </testcase> <!-- MobileLoginCarLoan -->
</testsuite> <!-- Regression   -->
