<?xml version="1.0" encoding="UTF-8"?>
<!-- Generated by org.testng.reporters.JUnitXMLReporter -->
<testsuite ignored="0" hostname="DESKTOP-89MGAHM" failures="0" tests="14" name="Test" time="0.034" errors="0" timestamp="2023-12-24T18:30:38 IST">
  <testcase classname="taib.CarLoan" name="LoginAPIcarLoan" time="0.004"/>
  <testcase classname="taib.CarLoan" name="MobileLoginCarLoan" time="0.001"/>
  <testcase classname="taib.CarLoan" name="WebloginCarLoan" time="0.001"/>
  <testcase classname="taib.Loan" name="demo3" time="0.001"/>
  <testcase classname="taib.Loan" name="demo4" time="0.001"/>
  <testcase classname="taib.Loan" name="demo5" time="0.001"/>
  <testcase classname="taib.Loan" name="demo6" time="0.001"/>
  <testcase classname="taib.Loan" name="demo7" time="0.0"/>
  <testcase classname="taib.HomeLoan" name="LoginAPIHomeLoan" time="0.0"/>
  <testcase classname="taib.HomeLoan" name="MobileLoginHomeLoan" time="0.0"/>
  <testcase classname="taib.HomeLoan" name="WebloginHomeLoan" time="0.001"/>
  <testcase classname="taib.Basics" name="demo" time="0.001"/>
  <testcase classname="taib.Basics" name="demo2" time="0.0"/>
  <testcase classname="taib.Basics" name="demo3" time="0.0"/>
</testsuite> <!-- Test -->
