<?xml version="1.0" encoding="UTF-8"?>
<!-- Generated by org.testng.reporters.JUnitXMLReporter -->
<testsuite ignored="0" hostname="DESKTOP-QPH6U7H" failures="0" tests="8" name="Test" time="0.115" errors="0" timestamp="2023-09-28T14:05:49 IST">
  <testcase classname="taib.Basics" name="demo" time="0.009"/>
  <testcase classname="taib.Basics" name="demo2" time="0.001"/>
  <testcase classname="taib.Basics" name="demo3" time="0.004"/>
  <testcase classname="taib.Loan" name="demo3" time="0.003"/>
  <testcase classname="taib.Loan" name="demo4" time="0.007"/>
  <testcase classname="taib.Loan" name="demo5" time="0.006"/>
  <testcase classname="taib.Loan" name="demo6" time="0.002"/>
  <testcase classname="taib.Loan" name="demo7" time="0.002"/>
</testsuite> <!-- Test -->
